<?xml version="1.0" encoding="UTF-8"?>
<!-- Generated by org.testng.reporters.JUnitXMLReporter -->
<testsuite ignored="0" hostname="Roopas-MacBook-Air.local" failures="1" tests="1" name="Test" time="56.377" errors="0" timestamp="2025-01-30T22:57:53 IST">
  <testcase classname="Test.TestCart" name="testCartPageTitle" time="38.909">
    <failure type="java.lang.AssertionError" message="Test Failed because the title didn&amp;apos;t match expected [https://www.amazon.com/gp/cart/] but found [Amazon.com Shopping Cart]">
      <![CDATA[java.lang.AssertionError: Test Failed because the title didn't match expected [https://www.amazon.com/gp/cart/] but found [Amazon.com Shopping Cart]
at Test.TestCart.testCartPageTitle(TestCart.java:24)
at java.base/java.util.ArrayList.forEach(ArrayList.java:1511)
... Removed 32 stack frames]]>
    </failure>
  </testcase> <!-- testCartPageTitle -->
</testsuite> <!-- Test -->
